<?xml version="1.0" encoding="UTF-8"?>
<testng-results ignored="0" total="1" passed="1" failed="0" skipped="0">
  <reporter-output>
  </reporter-output>
  <suite started-at="2023-12-11T09:26:02 IST" name="Default suite" finished-at="2023-12-11T09:26:02 IST" duration-ms="101">
    <groups>
    </groups>
    <test started-at="2023-12-11T09:26:02 IST" name="Default test" finished-at="2023-12-11T09:26:02 IST" duration-ms="101">
      <class name="Steps.simpleProgram">
        <test-method signature="method()[pri:0, instance:Steps.simpleProgram@28f2a10f]" started-at="2023-12-11T09:26:02 IST" name="method" finished-at="2023-12-11T09:26:02 IST" duration-ms="22" status="PASS">
          <reporter-output>
          </reporter-output>
        </test-method> <!-- method -->
      </class> <!-- Steps.simpleProgram -->
    </test> <!-- Default test -->
  </suite> <!-- Default suite -->
</testng-results>
